<?xml version="1.0" encoding="UTF-8"?>
<!-- Generated by org.testng.reporters.JUnitReportReporter -->
<testsuite hostname="SYNTAXBTM144" failures="0" tests="1" name="Script.InvalidLogin" time="19.714" errors="0" timestamp="2021-06-22T18:35:10 IST" skipped="0">
  <testcase classname="Script.InvalidLogin" name="testInvalidLogin" time="19.714"/>
  <system-out>
    <![CDATA[Username:vidy
Password:syntax@10
Room:Win2019Server.Window2019_CV2021
Remember me checkbox is selected
pass:Error message is Displayed
Username: 
Password:syntax@10
Room:Win2019Server.Window2019_CV2021
Remember me checkbox is not selected
pass:Error message is Displayed
Username: 
Password: 
Room:Win2019Server.Window2019_CV2021
Remember me checkbox is selected
pass:Error message is Displayed
Username:vidya
Password:syntax10
Room: 
Remember me checkbox is not selected
pass:Error message is Displayed]]>
  </system-out>
</testsuite> <!-- Script.InvalidLogin -->
